<?xml version="1.0" encoding="UTF-8"?>
<!-- Generated by org.testng.reporters.JUnitReportReporter -->
<testsuite hostname="DESKTOP-95P0PH0" failures="0" tests="1" name="cucumber.TestNGTestRunner" time="6.678" errors="0" timestamp="2024-12-23T22:56:20 EST" skipped="0">
  <testcase classname="cucumber.TestNGTestRunner" name="runScenario" time="6.678"/>
</testsuite> <!-- cucumber.TestNGTestRunner -->
