<?xml version="1.0" encoding="UTF-8"?>
<!-- Generated by org.testng.reporters.JUnitReportReporter -->
<testsuite hostname="DESKTOP-95P0PH0" failures="0" tests="1" name="cucumber.TestNGTestRunner" time="7.053" errors="0" timestamp="2024-12-23T23:31:56 EST" skipped="0">
  <testcase classname="cucumber.TestNGTestRunner" name="runScenario" time="7.053"/>
</testsuite> <!-- cucumber.TestNGTestRunner -->
