<?xml version="1.0" encoding="UTF-8"?>
<!-- Generated by org.testng.reporters.JUnitReportReporter -->
<testsuite hostname="DESKTOP-95P0PH0" failures="0" tests="3" name="rahulshettyacademy.Tests.SubmitOrderTest" time="57.424" errors="0" timestamp="2024-12-23T17:45:42 EST" skipped="0">
  <testcase classname="rahulshettyacademy.Tests.SubmitOrderTest" name="submitOrder" time="26.500"/>
  <testcase classname="rahulshettyacademy.Tests.SubmitOrderTest" name="submitOrder" time="25.633"/>
  <testcase classname="rahulshettyacademy.Tests.SubmitOrderTest" name="orderHistoryTest" time="5.291"/>
</testsuite> <!-- rahulshettyacademy.Tests.SubmitOrderTest -->
