<?xml version="1.0" encoding="UTF-8"?>
<!-- Generated by org.testng.reporters.JUnitReportReporter -->
<testsuite hostname="DESKTOP-95P0PH0" failures="0" tests="2" name="rahulshettyacademy.Tests.ErrorValidationsTest" time="15.793" errors="0" timestamp="2024-12-23T17:45:42 EST" skipped="0">
  <testcase classname="rahulshettyacademy.Tests.ErrorValidationsTest" name="productErrorValidation" time="10.525"/>
  <testcase classname="rahulshettyacademy.Tests.ErrorValidationsTest" name="loginErrorValidation" time="5.268"/>
</testsuite> <!-- rahulshettyacademy.Tests.ErrorValidationsTest -->
